<?xml version="1.0" encoding="UTF-8"?>
<coverage generated="1707550036131" clover="3.2.0">
  <project timestamp="1707550036131" name="All files">
    <metrics statements="20" coveredstatements="15" conditionals="4" coveredconditionals="1" methods="5" coveredmethods="5" elements="29" coveredelements="21" complexity="0" loc="20" ncloc="20" packages="1" files="1" classes="1"/>
    <file name="shapes.js" path="/Users/Keri/bootcamp/10-Object-Oriented-Programming/logo-maker/lib/shapes.js">
      <metrics statements="20" coveredstatements="15" conditionals="4" coveredconditionals="1" methods="5" coveredmethods="5"/>
      <line num="3" count="3" type="stmt"/>
      <line num="4" count="3" type="stmt"/>
      <line num="5" count="3" type="stmt"/>
      <line num="6" count="3" type="stmt"/>
      <line num="12" count="1" type="stmt"/>
      <line num="19" count="1" type="stmt"/>
      <line num="26" count="1" type="stmt"/>
      <line num="33" count="1" type="cond" truecount="1" falsecount="3"/>
      <line num="34" count="0" type="stmt"/>
      <line num="35" count="0" type="stmt"/>
      <line num="36" count="0" type="stmt"/>
      <line num="37" count="0" type="stmt"/>
      <line num="38" count="1" type="stmt"/>
      <line num="39" count="1" type="stmt"/>
      <line num="40" count="0" type="stmt"/>
      <line num="42" count="1" type="stmt"/>
      <line num="44" count="1" type="stmt"/>
      <line num="64" count="1" type="stmt"/>
      <line num="65" count="1" type="stmt"/>
      <line num="68" count="1" type="stmt"/>
    </file>
  </project>
</coverage>
